<?xml version="1.0" encoding="UTF-8" ?>
<testsuite failures="0" time="0.256" errors="0" skipped="0" tests="5" name="com.github.stefanbirkner.gajs4java.core.render.InsertGaJsRendererTest">
  <properties>
[...]
</properties>
  <testcase time="0.012" classname="com.github.stefanbirkner.gajs4java.core.render.InsertGaJsRendererTest" name="rendersHttpSnippet"/>
  <testcase time="0.003" classname="com.github.stefanbirkner.gajs4java.core.render.InsertGaJsRendererTest" name="failsToRenderDecideOnServer"/>
  <testcase time="0.183" classname="com.github.stefanbirkner.gajs4java.core.render.InsertGaJsRendererTest" name="rendersHttpsSnippetBasedOnRequest"/>
  <testcase time="0" classname="com.github.stefanbirkner.gajs4java.core.render.InsertGaJsRendererTest" name="failsToRenderDecideOnServerForUnknownScheme"/>
  <testcase time="0" classname="com.github.stefanbirkner.gajs4java.core.render.InsertGaJsRendererTest" name="rendersStandardSnippet"/>
</testsuite>